<?xml version="1.0" encoding="UTF-8"?>
<testsuite name="com.appium.test.LoginTest" tests="1" skipped="0" failures="0" errors="0" timestamp="2021-08-12T13:28:02" hostname="arjun-HP-Laptop-15-bs0xx" time="11.92">
  <properties/>
  <testcase name="login_to_application" classname="com.appium.test.LoginTest" time="11.92"/>
  <system-out><![CDATA[Successfully login to app 
]]></system-out>
  <system-err><![CDATA[]]></system-err>
</testsuite>
